2020-12-03 23:02:49.347078: W tensorflow/stream_executor/platform/default/dso_loader.cc:59] Could not load dynamic library 'libcudart.so.10.1'; dlerror: libcudart.so.10.1: cannot open shared object file: No such file or directory
2020-12-03 23:02:49.347123: I tensorflow/stream_executor/cuda/cudart_stub.cc:29] Ignore above cudart dlerror if you do not have a GPU set up on your machine.
Serving TensorBoard on localhost; to expose to the network, use a proxy or pass --bind_all
TensorBoard 2.4.0 at http://localhost:6001/ (Press CTRL+C to quit)
W1203 23:06:29.228676 140280656410368 plugin_event_multiplexer.py:263] Deleting accumulator '12-03_08-25_SHHB_MCNN_0.0001'
W1203 23:06:29.228959 140280656410368 plugin_event_multiplexer.py:263] Deleting accumulator '12-03_07-40_SHHB_MCNN_0.0001'
W1204 05:16:19.462180 140280656410368 plugin_event_multiplexer.py:263] Deleting accumulator '12-04_01-34_SHHB_MCNN_0.0001/code/_arch/12-01_17-19_SHHB_MCNN_1e-05_[cutout6]'
W1204 05:16:19.462317 140280656410368 plugin_event_multiplexer.py:263] Deleting accumulator '12-04_01-34_SHHB_MCNN_0.0001/code/_arch/12-01_21-18_SHHB_MCNN_1e-05_[FW]'
W1204 05:16:19.462357 140280656410368 plugin_event_multiplexer.py:263] Deleting accumulator '12-04_02-32_SHHB_MCNN_0.0001/code/_arch/12-01_17-19_SHHB_MCNN_1e-05_[cutout6]'
W1204 05:16:19.462393 140280656410368 plugin_event_multiplexer.py:263] Deleting accumulator '12-04_01-34_SHHB_MCNN_0.0001/code/_arch/12-01_15-52_SHHB_MCNN_1e-05_[cutout4]'
W1204 05:16:19.462428 140280656410368 plugin_event_multiplexer.py:263] Deleting accumulator '12-04_02-32_SHHB_MCNN_0.0001/code/_arch/12-03_00-34_SHHB_MCNN_1e-05'
W1204 05:16:19.462461 140280656410368 plugin_event_multiplexer.py:263] Deleting accumulator '12-04_02-32_SHHB_MCNN_0.0001/code/_arch/12-02_20-40_SHHB_MCNN_1e-05'
W1204 05:16:19.462494 140280656410368 plugin_event_multiplexer.py:263] Deleting accumulator '12-04_02-32_SHHB_MCNN_0.0001/code/_arch/12-02_14-32_SHHB_MCNN_1e-05_[SW]'
W1204 05:16:19.462525 140280656410368 plugin_event_multiplexer.py:263] Deleting accumulator '12-04_01-34_SHHB_MCNN_0.0001/code/_arch/12-02_05-46_SHHB_MCNN_1e-05_[FW2]'
W1204 05:16:19.462557 140280656410368 plugin_event_multiplexer.py:263] Deleting accumulator '12-04_02-32_SHHB_MCNN_0.0001/code/_arch/12-01_15-07_SHHB_MCNN_1e-05_[cutout4]'
W1204 05:16:19.462588 140280656410368 plugin_event_multiplexer.py:263] Deleting accumulator '12-04_02-32_SHHB_MCNN_0.0001/code/_arch/12-03_00-01_SHHB_MCNN_1e-05'
W1204 05:16:19.462619 140280656410368 plugin_event_multiplexer.py:263] Deleting accumulator '12-04_01-34_SHHB_MCNN_0.0001'
W1204 05:16:19.462650 140280656410368 plugin_event_multiplexer.py:263] Deleting accumulator '12-04_01-34_SHHB_MCNN_0.0001/code/_arch/11-28_18-54_SHHB_MCNN_0.0001_[sampleWise]'
W1204 05:16:19.462681 140280656410368 plugin_event_multiplexer.py:263] Deleting accumulator '12-04_01-34_SHHB_MCNN_0.0001/code/_arch/11-30_21-06_SHHB_MCNN_0.0001'
W1204 05:16:19.462712 140280656410368 plugin_event_multiplexer.py:263] Deleting accumulator '12-04_01-34_SHHB_MCNN_0.0001/code/_arch/12-01_13-52_SHHB_MCNN_1e-05_[cutout4]'
W1204 05:16:19.462742 140280656410368 plugin_event_multiplexer.py:263] Deleting accumulator '12-04_02-32_SHHB_MCNN_0.0001/code/_arch/11-28_18-54_SHHB_MCNN_0.0001_[sampleWise]'
W1204 05:16:19.462773 140280656410368 plugin_event_multiplexer.py:263] Deleting accumulator '12-04_01-34_SHHB_MCNN_0.0001/code/_arch/12-03_02-14_SHHB_MCNN_1e-05'
W1204 05:16:19.462803 140280656410368 plugin_event_multiplexer.py:263] Deleting accumulator '12-04_02-32_SHHB_MCNN_0.0001'
W1204 05:16:19.462834 140280656410368 plugin_event_multiplexer.py:263] Deleting accumulator '12-04_02-32_SHHB_MCNN_0.0001/code/_arch/12-03_03-01_SHHB_MCNN_1e-05'
W1204 05:16:19.462864 140280656410368 plugin_event_multiplexer.py:263] Deleting accumulator '12-04_02-32_SHHB_MCNN_0.0001/code/_arch/12-02_11-38_SHHB_MCNN_1e-05_[SW]'
W1204 05:16:19.462894 140280656410368 plugin_event_multiplexer.py:263] Deleting accumulator '12-04_01-34_SHHB_MCNN_0.0001/code/_arch/12-01_18-04_SHHB_MCNN_1e-05_[cutout6]'
W1204 05:16:19.462925 140280656410368 plugin_event_multiplexer.py:263] Deleting accumulator '12-04_02-32_SHHB_MCNN_0.0001/code/_arch/11-30_21-22_SHHB_MCNN_0.0001'
W1204 05:16:19.462963 140280656410368 plugin_event_multiplexer.py:263] Deleting accumulator '12-04_02-32_SHHB_MCNN_0.0001/code/_arch/12-02_08-45_SHHB_MCNN_1e-05_[FW2]'
W1204 05:16:19.462994 140280656410368 plugin_event_multiplexer.py:263] Deleting accumulator '12-04_02-32_SHHB_MCNN_0.0001/code/_arch/12-02_17-27_SHHB_MCNN_1e-05_[SW]'
W1204 05:16:19.463024 140280656410368 plugin_event_multiplexer.py:263] Deleting accumulator '12-04_01-34_SHHB_MCNN_0.0001/code/_arch/12-02_08-45_SHHB_MCNN_1e-05_[FW2]'
W1204 05:16:19.463054 140280656410368 plugin_event_multiplexer.py:263] Deleting accumulator '12-04_02-32_SHHB_MCNN_0.0001/code/_arch/12-01_21-18_SHHB_MCNN_1e-05_[FW]'
W1204 05:16:19.463084 140280656410368 plugin_event_multiplexer.py:263] Deleting accumulator '12-04_02-32_SHHB_MCNN_0.0001/code/_arch/12-02_01-27_SHHB_MCNN_1e-05_[FW]'
W1204 05:16:19.463114 140280656410368 plugin_event_multiplexer.py:263] Deleting accumulator '12-04_02-32_SHHB_MCNN_0.0001/code/_arch/12-02_23-45_SHHB_MCNN_1e-05'
W1204 05:16:19.463144 140280656410368 plugin_event_multiplexer.py:263] Deleting accumulator '12-04_01-34_SHHB_MCNN_0.0001/code/_arch/12-01_18-49_SHHB_MCNN_1e-05_[cutout6]'
W1204 05:16:19.463174 140280656410368 plugin_event_multiplexer.py:263] Deleting accumulator '12-04_01-34_SHHB_MCNN_0.0001/code/_arch/12-02_17-27_SHHB_MCNN_1e-05_[SW]'
W1204 05:16:19.463204 140280656410368 plugin_event_multiplexer.py:263] Deleting accumulator '12-04_01-34_SHHB_MCNN_0.0001/code/_arch/12-02_23-45_SHHB_MCNN_1e-05'
W1204 05:16:19.463233 140280656410368 plugin_event_multiplexer.py:263] Deleting accumulator '12-04_02-32_SHHB_MCNN_0.0001/code/_arch/12-01_18-04_SHHB_MCNN_1e-05_[cutout6]'
W1204 05:16:19.463264 140280656410368 plugin_event_multiplexer.py:263] Deleting accumulator '12-04_01-34_SHHB_MCNN_0.0001/code/_arch/12-03_03-01_SHHB_MCNN_1e-05'
W1204 05:16:19.463294 140280656410368 plugin_event_multiplexer.py:263] Deleting accumulator '12-04_02-32_SHHB_MCNN_0.0001/code/_arch/12-01_18-49_SHHB_MCNN_1e-05_[cutout6]'
W1204 05:16:19.463324 140280656410368 plugin_event_multiplexer.py:263] Deleting accumulator '12-04_02-32_SHHB_MCNN_0.0001/code/_arch/12-03_02-14_SHHB_MCNN_1e-05'
W1204 05:16:19.463354 140280656410368 plugin_event_multiplexer.py:263] Deleting accumulator '12-04_01-34_SHHB_MCNN_0.0001/code/_arch/12-01_15-07_SHHB_MCNN_1e-05_[cutout4]'
W1204 05:16:19.463384 140280656410368 plugin_event_multiplexer.py:263] Deleting accumulator '12-04_02-32_SHHB_MCNN_0.0001/code/_arch/12-02_05-46_SHHB_MCNN_1e-05_[FW2]'
W1204 05:16:19.463413 140280656410368 plugin_event_multiplexer.py:263] Deleting accumulator '12-04_01-34_SHHB_MCNN_0.0001/code/_arch/12-02_11-38_SHHB_MCNN_1e-05_[SW]'
W1204 05:16:19.463443 140280656410368 plugin_event_multiplexer.py:263] Deleting accumulator '12-04_01-34_SHHB_MCNN_0.0001/code/_arch/12-03_00-01_SHHB_MCNN_1e-05'
W1204 05:16:19.463472 140280656410368 plugin_event_multiplexer.py:263] Deleting accumulator '12-04_02-32_SHHB_MCNN_0.0001/code/_arch/12-01_15-52_SHHB_MCNN_1e-05_[cutout4]'
W1204 05:16:19.463502 140280656410368 plugin_event_multiplexer.py:263] Deleting accumulator '12-04_01-34_SHHB_MCNN_0.0001/code/_arch/12-03_00-34_SHHB_MCNN_1e-05'
W1204 05:16:19.463532 140280656410368 plugin_event_multiplexer.py:263] Deleting accumulator '12-04_02-32_SHHB_MCNN_0.0001/code/_arch/12-01_13-52_SHHB_MCNN_1e-05_[cutout4]'
W1204 05:16:19.463562 140280656410368 plugin_event_multiplexer.py:263] Deleting accumulator '12-04_02-32_SHHB_MCNN_0.0001/code/_arch/12-02_00-14_SHHB_MCNN_1e-05_[FW]'
W1204 05:16:19.463592 140280656410368 plugin_event_multiplexer.py:263] Deleting accumulator '12-04_01-34_SHHB_MCNN_0.0001/code/_arch/12-02_01-27_SHHB_MCNN_1e-05_[FW]'
W1204 05:16:19.463622 140280656410368 plugin_event_multiplexer.py:263] Deleting accumulator '12-04_01-34_SHHB_MCNN_0.0001/code/_arch/12-02_14-32_SHHB_MCNN_1e-05_[SW]'
W1204 05:16:19.463651 140280656410368 plugin_event_multiplexer.py:263] Deleting accumulator '12-04_01-34_SHHB_MCNN_0.0001/code/_arch/11-30_21-22_SHHB_MCNN_0.0001'
W1204 05:16:19.463685 140280656410368 plugin_event_multiplexer.py:263] Deleting accumulator '12-04_01-34_SHHB_MCNN_0.0001/code/_arch/12-02_21-49_SHHB_MCNN_1e-05'
W1204 05:16:19.463715 140280656410368 plugin_event_multiplexer.py:263] Deleting accumulator '12-04_02-32_SHHB_MCNN_0.0001/code/_arch/12-02_21-49_SHHB_MCNN_1e-05'
W1204 05:16:19.463746 140280656410368 plugin_event_multiplexer.py:263] Deleting accumulator '12-04_02-32_SHHB_MCNN_0.0001/code/_arch/12-02_02-44_SHHB_MCNN_1e-05_[FW2]'
W1204 05:16:19.463776 140280656410368 plugin_event_multiplexer.py:263] Deleting accumulator '12-04_02-32_SHHB_MCNN_0.0001/code/_arch/11-30_21-06_SHHB_MCNN_0.0001'
W1204 05:16:19.463805 140280656410368 plugin_event_multiplexer.py:263] Deleting accumulator '12-04_01-34_SHHB_MCNN_0.0001/code/_arch/12-02_00-14_SHHB_MCNN_1e-05_[FW]'
W1204 05:16:19.463835 140280656410368 plugin_event_multiplexer.py:263] Deleting accumulator '12-04_01-34_SHHB_MCNN_0.0001/code/_arch/12-02_20-40_SHHB_MCNN_1e-05'
W1204 05:16:19.463865 140280656410368 plugin_event_multiplexer.py:263] Deleting accumulator '12-04_01-34_SHHB_MCNN_0.0001/code/_arch/12-02_02-44_SHHB_MCNN_1e-05_[FW2]'
W1204 06:51:10.870035 140280656410368 plugin_event_multiplexer.py:263] Deleting accumulator '12-04_01-34_SHHB_MCNN_0.0001_[flip+crop]/code/_arch/12-02_17-27_SHHB_MCNN_1e-05_[SW]'
W1204 06:51:10.870168 140280656410368 plugin_event_multiplexer.py:263] Deleting accumulator '12-04_01-34_SHHB_MCNN_0.0001_[flip+crop]/code/_arch/12-02_08-45_SHHB_MCNN_1e-05_[FW2]'
W1204 06:51:10.870207 140280656410368 plugin_event_multiplexer.py:263] Deleting accumulator '12-04_01-34_SHHB_MCNN_0.0001_[flip+crop]/code/_arch/12-02_20-40_SHHB_MCNN_1e-05'
W1204 06:51:10.870243 140280656410368 plugin_event_multiplexer.py:263] Deleting accumulator '12-04_01-34_SHHB_MCNN_0.0001_[flip+crop]/code/_arch/12-02_21-49_SHHB_MCNN_1e-05'
W1204 06:51:10.870276 140280656410368 plugin_event_multiplexer.py:263] Deleting accumulator '12-04_01-34_SHHB_MCNN_0.0001_[flip+crop]/code/_arch/12-02_02-44_SHHB_MCNN_1e-05_[FW2]'
W1204 06:51:10.870308 140280656410368 plugin_event_multiplexer.py:263] Deleting accumulator '12-04_01-34_SHHB_MCNN_0.0001_[flip+crop]/code/_arch/12-02_23-45_SHHB_MCNN_1e-05'
W1204 06:51:10.870340 140280656410368 plugin_event_multiplexer.py:263] Deleting accumulator '12-04_01-34_SHHB_MCNN_0.0001_[flip+crop]/code/_arch/12-03_02-14_SHHB_MCNN_1e-05'
W1204 06:51:10.870371 140280656410368 plugin_event_multiplexer.py:263] Deleting accumulator '12-04_01-34_SHHB_MCNN_0.0001_[flip+crop]/code/_arch/12-01_15-07_SHHB_MCNN_1e-05_[cutout4]'
W1204 06:51:10.870402 140280656410368 plugin_event_multiplexer.py:263] Deleting accumulator '12-04_01-34_SHHB_MCNN_0.0001_[flip+crop]/code/_arch/12-02_05-46_SHHB_MCNN_1e-05_[FW2]'
W1204 06:51:10.870433 140280656410368 plugin_event_multiplexer.py:263] Deleting accumulator '12-04_01-34_SHHB_MCNN_0.0001_[flip+crop]/code/_arch/11-28_18-54_SHHB_MCNN_0.0001_[sampleWise]'
W1204 06:51:10.870464 140280656410368 plugin_event_multiplexer.py:263] Deleting accumulator '12-04_01-34_SHHB_MCNN_0.0001_[flip+crop]/code/_arch/11-30_21-22_SHHB_MCNN_0.0001'
W1204 06:51:10.870495 140280656410368 plugin_event_multiplexer.py:263] Deleting accumulator '12-04_01-34_SHHB_MCNN_0.0001_[flip+crop]/code/_arch/12-01_17-19_SHHB_MCNN_1e-05_[cutout6]'
W1204 06:51:10.870525 140280656410368 plugin_event_multiplexer.py:263] Deleting accumulator '12-04_01-34_SHHB_MCNN_0.0001_[flip+crop]/code/_arch/12-03_00-34_SHHB_MCNN_1e-05'
W1204 06:51:10.870555 140280656410368 plugin_event_multiplexer.py:263] Deleting accumulator '12-04_01-34_SHHB_MCNN_0.0001_[flip+crop]/code/_arch/12-02_01-27_SHHB_MCNN_1e-05_[FW]'
W1204 06:51:10.870585 140280656410368 plugin_event_multiplexer.py:263] Deleting accumulator '12-04_01-34_SHHB_MCNN_0.0001_[flip+crop]/code/_arch/11-30_21-06_SHHB_MCNN_0.0001'
W1204 06:51:10.870615 140280656410368 plugin_event_multiplexer.py:263] Deleting accumulator '12-04_01-34_SHHB_MCNN_0.0001_[flip+crop]/code/_arch/12-01_21-18_SHHB_MCNN_1e-05_[FW]'
W1204 06:51:10.870646 140280656410368 plugin_event_multiplexer.py:263] Deleting accumulator '12-04_01-34_SHHB_MCNN_0.0001_[flip+crop]/code/_arch/12-02_00-14_SHHB_MCNN_1e-05_[FW]'
W1204 06:51:10.870683 140280656410368 plugin_event_multiplexer.py:263] Deleting accumulator '12-04_01-34_SHHB_MCNN_0.0001_[flip+crop]/code/_arch/12-01_18-04_SHHB_MCNN_1e-05_[cutout6]'
W1204 06:51:10.870714 140280656410368 plugin_event_multiplexer.py:263] Deleting accumulator '12-04_01-34_SHHB_MCNN_0.0001_[flip+crop]/code/_arch/12-01_15-52_SHHB_MCNN_1e-05_[cutout4]'
W1204 06:51:10.870744 140280656410368 plugin_event_multiplexer.py:263] Deleting accumulator '12-04_01-34_SHHB_MCNN_0.0001_[flip+crop]/code/_arch/12-03_03-01_SHHB_MCNN_1e-05'
W1204 06:51:10.870774 140280656410368 plugin_event_multiplexer.py:263] Deleting accumulator '12-04_01-34_SHHB_MCNN_0.0001_[flip+crop]/code/_arch/12-01_18-49_SHHB_MCNN_1e-05_[cutout6]'
W1204 06:51:10.870804 140280656410368 plugin_event_multiplexer.py:263] Deleting accumulator '12-04_01-34_SHHB_MCNN_0.0001_[flip+crop]/code/_arch/12-03_00-01_SHHB_MCNN_1e-05'
W1204 06:51:10.870833 140280656410368 plugin_event_multiplexer.py:263] Deleting accumulator '12-04_01-34_SHHB_MCNN_0.0001_[flip+crop]/code/_arch/12-02_11-38_SHHB_MCNN_1e-05_[SW]'
W1204 06:51:10.870863 140280656410368 plugin_event_multiplexer.py:263] Deleting accumulator '12-04_01-34_SHHB_MCNN_0.0001_[flip+crop]/code/_arch/12-01_13-52_SHHB_MCNN_1e-05_[cutout4]'
W1204 06:51:10.870893 140280656410368 plugin_event_multiplexer.py:263] Deleting accumulator '12-04_01-34_SHHB_MCNN_0.0001_[flip+crop]/code/_arch/12-02_14-32_SHHB_MCNN_1e-05_[SW]'
W1204 06:51:21.171775 140280656410368 plugin_event_multiplexer.py:263] Deleting accumulator '12-04_02-32_SHHB_MCNN_0.0001_[flip+crop]/code/_arch/12-03_02-14_SHHB_MCNN_1e-05'
W1204 06:51:21.171894 140280656410368 plugin_event_multiplexer.py:263] Deleting accumulator '12-04_02-32_SHHB_MCNN_0.0001_[flip+crop]/code/_arch/12-02_08-45_SHHB_MCNN_1e-05_[FW2]'
W1204 06:51:21.171933 140280656410368 plugin_event_multiplexer.py:263] Deleting accumulator '12-04_02-32_SHHB_MCNN_0.0001_[flip+crop]/code/_arch/12-02_14-32_SHHB_MCNN_1e-05_[SW]'
W1204 06:51:21.171968 140280656410368 plugin_event_multiplexer.py:263] Deleting accumulator '12-04_02-32_SHHB_MCNN_0.0001_[flip+crop]/code/_arch/11-30_21-22_SHHB_MCNN_0.0001'
W1204 06:51:21.172002 140280656410368 plugin_event_multiplexer.py:263] Deleting accumulator '12-04_02-32_SHHB_MCNN_0.0001_[flip+crop]/code/_arch/12-02_23-45_SHHB_MCNN_1e-05'
W1204 06:51:21.172034 140280656410368 plugin_event_multiplexer.py:263] Deleting accumulator '12-04_02-32_SHHB_MCNN_0.0001_[flip+crop]/code/_arch/12-02_02-44_SHHB_MCNN_1e-05_[FW2]'
W1204 06:51:21.172067 140280656410368 plugin_event_multiplexer.py:263] Deleting accumulator '12-04_02-32_SHHB_MCNN_0.0001_[flip+crop]/code/_arch/12-03_00-01_SHHB_MCNN_1e-05'
W1204 06:51:21.172098 140280656410368 plugin_event_multiplexer.py:263] Deleting accumulator '12-04_02-32_SHHB_MCNN_0.0001_[flip+crop]/code/_arch/12-02_17-27_SHHB_MCNN_1e-05_[SW]'
W1204 06:51:21.172129 140280656410368 plugin_event_multiplexer.py:263] Deleting accumulator '12-04_02-32_SHHB_MCNN_0.0001_[flip+crop]/code/_arch/12-03_03-01_SHHB_MCNN_1e-05'
W1204 06:51:21.172160 140280656410368 plugin_event_multiplexer.py:263] Deleting accumulator '12-04_02-32_SHHB_MCNN_0.0001_[flip+crop]/code/_arch/12-01_15-07_SHHB_MCNN_1e-05_[cutout4]'
W1204 06:51:21.172191 140280656410368 plugin_event_multiplexer.py:263] Deleting accumulator '12-04_02-32_SHHB_MCNN_0.0001_[flip+crop]/code/_arch/12-02_11-38_SHHB_MCNN_1e-05_[SW]'
W1204 06:51:21.172222 140280656410368 plugin_event_multiplexer.py:263] Deleting accumulator '12-04_02-32_SHHB_MCNN_0.0001_[flip+crop]/code/_arch/12-01_18-49_SHHB_MCNN_1e-05_[cutout6]'
W1204 06:51:21.172252 140280656410368 plugin_event_multiplexer.py:263] Deleting accumulator '12-04_02-32_SHHB_MCNN_0.0001_[flip+crop]/code/_arch/12-01_13-52_SHHB_MCNN_1e-05_[cutout4]'
W1204 06:51:21.172283 140280656410368 plugin_event_multiplexer.py:263] Deleting accumulator '12-04_02-32_SHHB_MCNN_0.0001_[flip+crop]/code/_arch/12-01_17-19_SHHB_MCNN_1e-05_[cutout6]'
W1204 06:51:21.172312 140280656410368 plugin_event_multiplexer.py:263] Deleting accumulator '12-04_02-32_SHHB_MCNN_0.0001_[flip+crop]/code/_arch/12-01_21-18_SHHB_MCNN_1e-05_[FW]'
W1204 06:51:21.172350 140280656410368 plugin_event_multiplexer.py:263] Deleting accumulator '12-04_02-32_SHHB_MCNN_0.0001_[flip+crop]/code/_arch/12-02_21-49_SHHB_MCNN_1e-05'
W1204 06:51:21.172381 140280656410368 plugin_event_multiplexer.py:263] Deleting accumulator '12-04_02-32_SHHB_MCNN_0.0001_[flip+crop]/code/_arch/11-28_18-54_SHHB_MCNN_0.0001_[sampleWise]'
W1204 06:51:21.172411 140280656410368 plugin_event_multiplexer.py:263] Deleting accumulator '12-04_02-32_SHHB_MCNN_0.0001_[flip+crop]/code/_arch/12-02_00-14_SHHB_MCNN_1e-05_[FW]'
W1204 06:51:21.172441 140280656410368 plugin_event_multiplexer.py:263] Deleting accumulator '12-04_02-32_SHHB_MCNN_0.0001_[flip+crop]/code/_arch/12-02_05-46_SHHB_MCNN_1e-05_[FW2]'
W1204 06:51:21.172471 140280656410368 plugin_event_multiplexer.py:263] Deleting accumulator '12-04_02-32_SHHB_MCNN_0.0001_[flip+crop]/code/_arch/12-02_01-27_SHHB_MCNN_1e-05_[FW]'
W1204 06:51:21.172501 140280656410368 plugin_event_multiplexer.py:263] Deleting accumulator '12-04_02-32_SHHB_MCNN_0.0001_[flip+crop]/code/_arch/12-01_15-52_SHHB_MCNN_1e-05_[cutout4]'
W1204 06:51:21.172531 140280656410368 plugin_event_multiplexer.py:263] Deleting accumulator '12-04_02-32_SHHB_MCNN_0.0001_[flip+crop]/code/_arch/11-30_21-06_SHHB_MCNN_0.0001'
W1204 06:51:21.172561 140280656410368 plugin_event_multiplexer.py:263] Deleting accumulator '12-04_02-32_SHHB_MCNN_0.0001_[flip+crop]/code/_arch/12-01_18-04_SHHB_MCNN_1e-05_[cutout6]'
W1204 06:51:21.172591 140280656410368 plugin_event_multiplexer.py:263] Deleting accumulator '12-04_02-32_SHHB_MCNN_0.0001_[flip+crop]/code/_arch/12-02_20-40_SHHB_MCNN_1e-05'
W1204 06:51:21.172621 140280656410368 plugin_event_multiplexer.py:263] Deleting accumulator '12-04_02-32_SHHB_MCNN_0.0001_[flip+crop]/code/_arch/12-03_00-34_SHHB_MCNN_1e-05'
W1204 11:53:18.829497 140280656410368 plugin_event_multiplexer.py:263] Deleting accumulator '12-04_08-48_SHHB_MCNN_0.0001'
W1204 12:27:55.292077 140280656410368 plugin_event_multiplexer.py:263] Deleting accumulator '12-04_08-48_SHHB_MCNN_0.0001_[01FW]'
W1205 22:47:50.876850 140280656410368 plugin_event_multiplexer.py:263] Deleting accumulator '12-04_19-26_SHHB_MCNN_0.0001'
W1205 23:22:05.300224 140280656410368 plugin_event_multiplexer.py:263] Deleting accumulator '12-05_00-22_SHHB_MCNN_0.0001'
W1205 23:22:11.224354 140280656410368 plugin_event_multiplexer.py:263] Deleting accumulator '12-05_04-46_SHHB_MCNN_0.0001'
